<?xml version="1.0" encoding="UTF-8"?>
<!-- Generated by org.testng.reporters.JUnitXMLReporter -->
<testsuite hostname="El-Kollaly" name="Default test" tests="3" failures="0" timestamp="13 May 2016 18:01:34 GMT" time="0.064" errors="0">
  <testcase name="testSearchUser" time="0.013" classname="com.services.UserFunctionsTest"/>
  <testcase name="testGetUser" time="0.002" classname="com.services.UserFunctionsTest"/>
  <testcase name="testGetPass" time="0.002" classname="com.services.UserFunctionsTest"/>
</testsuite> <!-- Default test -->
