<?xml version="1.0" encoding="UTF-8"?>
<testng-results skipped="0" failed="0" total="2" passed="2">
  <reporter-output>
  </reporter-output>
  <suite name="Default suite" duration-ms="50" started-at="2016-05-13T17:35:11Z" finished-at="2016-05-13T17:35:11Z">
    <groups>
    </groups>
    <test name="Default test" duration-ms="50" started-at="2016-05-13T17:35:11Z" finished-at="2016-05-13T17:35:11Z">
      <class name="com.services.UserFunctionsTest">
        <test-method status="PASS" signature="testGetUser()[pri:0, instance:com.services.UserFunctionsTest@2b98378d]" name="testGetUser" duration-ms="18" started-at="2016-05-13T20:35:11Z" finished-at="2016-05-13T20:35:11Z">
          <reporter-output>
          </reporter-output>
        </test-method> <!-- testGetUser -->
        <test-method status="PASS" signature="testSearchUser()[pri:0, instance:com.services.UserFunctionsTest@2b98378d]" name="testSearchUser" duration-ms="2" started-at="2016-05-13T20:35:11Z" finished-at="2016-05-13T20:35:11Z">
          <reporter-output>
          </reporter-output>
        </test-method> <!-- testSearchUser -->
      </class> <!-- com.services.UserFunctionsTest -->
    </test> <!-- Default test -->
  </suite> <!-- Default suite -->
</testng-results>
